c:\users\phil\source\repos\frenchy csgo\frenchy-csgo-external\release\vc143.pdb
c:\users\phil\source\repos\frenchy csgo\frenchy-csgo-external\release\overlay.obj
c:\users\phil\source\repos\frenchy csgo\frenchy-csgo-external\release\meth.obj
c:\users\phil\source\repos\frenchy csgo\frenchy-csgo-external\release\imgui_widgets.obj
c:\users\phil\source\repos\frenchy csgo\frenchy-csgo-external\release\imgui_tables.obj
c:\users\phil\source\repos\frenchy csgo\frenchy-csgo-external\release\imgui_impl_win32.obj
c:\users\phil\source\repos\frenchy csgo\frenchy-csgo-external\release\imgui_impl_dx11.obj
c:\users\phil\source\repos\frenchy csgo\frenchy-csgo-external\release\imgui_draw.obj
c:\users\phil\source\repos\frenchy csgo\frenchy-csgo-external\release\imgui_demo.obj
c:\users\phil\source\repos\frenchy csgo\frenchy-csgo-external\release\imgui.obj
c:\users\phil\source\repos\frenchy csgo\frenchy-csgo-external\release\frenchy-csgo-external.exe
c:\users\phil\source\repos\frenchy csgo\frenchy-csgo-external\release\frenchy-csgo-external.pdb
c:\users\phil\source\repos\frenchy csgo\frenchy-csgo-external\release\frenchy-csgo-external.ipdb
c:\users\phil\source\repos\frenchy csgo\frenchy-csgo-external\release\frenchy-csgo-external.iobj
c:\users\phil\source\repos\frenchy csgo\frenchy-csgo-external\release\frenchy-.54c485ba.tlog\cl.command.1.tlog
c:\users\phil\source\repos\frenchy csgo\frenchy-csgo-external\release\frenchy-.54c485ba.tlog\cl.read.1.tlog
c:\users\phil\source\repos\frenchy csgo\frenchy-csgo-external\release\frenchy-.54c485ba.tlog\cl.write.1.tlog
c:\users\phil\source\repos\frenchy csgo\frenchy-csgo-external\release\frenchy-.54c485ba.tlog\link.command.1.tlog
c:\users\phil\source\repos\frenchy csgo\frenchy-csgo-external\release\frenchy-.54c485ba.tlog\link.read.1.tlog
c:\users\phil\source\repos\frenchy csgo\frenchy-csgo-external\release\frenchy-.54c485ba.tlog\link.write.1.tlog
c:\users\phil\source\repos\frenchy csgo\frenchy-csgo-external\release\frenchy-.54c485ba.tlog\link.write.2u.tlog
